Build started 3/22/2015 7:50:36 PM.
     1>Project "C:\Users\Administrator\Documents\GitHub\AcqSDL\AcqSDL.vcxproj" on node 2 (Build target(s)).
     1>ClCompile:
         D:\Program Files\VC\bin\CL.exe /c /I"C:\SDL2-2.0.3\include" /ZI /nologo /W3 /WX- /sdl /Od /Oy- /D _MBCS /Gm /EHsc /RTC1 /MDd /GS /fp:precise /Zc:wchar_t /Zc:forScope /Fo"Debug\\" /Fd"Debug\vc120.pdb" /Gd /TP /analyze- /errorReport:prompt Game.cpp View.cpp engine.cpp
         engine.cpp
     1>c:\users\administrator\documents\github\acqsdl\view.h(5): error C2011: 'View' : 'class' type redefinition
                 c:\users\administrator\documents\github\acqsdl\view.h(5) : see declaration of 'View'
     1>c:\users\administrator\documents\github\acqsdl\game.h(14): error C2079: 'Game::gfx' uses undefined class 'View'
     1>c:\users\administrator\documents\github\acqsdl\keyboard.h(4): error C2011: 'KeyboardClient' : 'class' type redefinition
                 c:\users\administrator\documents\github\acqsdl\keyboard.h(4) : see declaration of 'KeyboardClient'
     1>c:\users\administrator\documents\github\acqsdl\keyboard.h(18): error C2011: 'KeyboardServer' : 'class' type redefinition
                 c:\users\administrator\documents\github\acqsdl\keyboard.h(18) : see declaration of 'KeyboardServer'
     1>c:\users\administrator\documents\github\acqsdl\engine.cpp(8): error C2079: 'view' uses undefined class 'View'
     1>c:\users\administrator\documents\github\acqsdl\engine.cpp(9): error C2228: left of '.Run' must have class/struct/union
                 type is 'int'
         View.cpp
     1>c:\users\administrator\documents\github\acqsdl\keyboard.h(4): error C2011: 'KeyboardClient' : 'class' type redefinition
                 c:\users\administrator\documents\github\acqsdl\keyboard.h(4) : see declaration of 'KeyboardClient'
     1>c:\users\administrator\documents\github\acqsdl\keyboard.h(18): error C2011: 'KeyboardServer' : 'class' type redefinition
                 c:\users\administrator\documents\github\acqsdl\keyboard.h(18) : see declaration of 'KeyboardServer'
     1>c:\users\administrator\documents\github\acqsdl\view.h(5): error C2011: 'View' : 'class' type redefinition
                 c:\users\administrator\documents\github\acqsdl\view.h(5) : see declaration of 'View'
     1>c:\users\administrator\documents\github\acqsdl\game.h(14): error C2079: 'Game::gfx' uses undefined class 'View'
     1>c:\users\administrator\documents\github\acqsdl\game.h(15): error C2079: 'Game::kbd' uses undefined class 'KeyboardClient'
     1>c:\users\administrator\documents\github\acqsdl\view.cpp(8): error C2027: use of undefined type 'KeyboardServer'
                 c:\users\administrator\documents\github\acqsdl\keyboard.h(18) : see declaration of 'KeyboardServer'
     1>c:\users\administrator\documents\github\acqsdl\view.cpp(8): fatal error C1903: unable to recover from previous error(s); stopping compilation
         Game.cpp
         Generating Code...
     1>Done Building Project "C:\Users\Administrator\Documents\GitHub\AcqSDL\AcqSDL.vcxproj" (Build target(s)) -- FAILED.

Build FAILED.

Time Elapsed 00:00:00.24
